2013.12.13 14:42 B d:\wamp\www\frontaccounting\themes\quantum1\images\add.png --> www.quantum-erp.com /public_html/demo/themes/quantum1/images add.png
2013.12.13 14:42 B d:\wamp\www\frontaccounting\themes\quantum1\images\ajax-loader.gif --> www.quantum-erp.com /public_html/demo/themes/quantum1/images ajax-loader.gif
2013.12.13 14:42 B d:\wamp\www\frontaccounting\themes\quantum1\images\ajax-loader2.gif --> www.quantum-erp.com /public_html/demo/themes/quantum1/images ajax-loader2.gif
2013.12.13 14:42 B d:\wamp\www\frontaccounting\themes\quantum1\images\alloc.png --> www.quantum-erp.com /public_html/demo/themes/quantum1/images alloc.png
2013.12.13 14:42 B d:\wamp\www\frontaccounting\themes\quantum1\images\arrow_12.gif --> www.quantum-erp.com /public_html/demo/themes/quantum1/images arrow_12.gif
2013.12.13 14:42 B d:\wamp\www\frontaccounting\themes\quantum1\images\basket.png --> www.quantum-erp.com /public_html/demo/themes/quantum1/images basket.png
2013.12.13 14:42 B d:\wamp\www\frontaccounting\themes\quantum1\images\bg.png --> www.quantum-erp.com /public_html/demo/themes/quantum1/images bg.png
2013.12.13 14:42 B d:\wamp\www\frontaccounting\themes\quantum1\images\bgnoise.png --> www.quantum-erp.com /public_html/demo/themes/quantum1/images bgnoise.png
2013.12.13 14:42 B d:\wamp\www\frontaccounting\themes\quantum1\images\body_bg1.png --> www.quantum-erp.com /public_html/demo/themes/quantum1/images body_bg1.png
2013.12.13 14:42 B d:\wamp\www\frontaccounting\themes\quantum1\images\button_ok.png --> www.quantum-erp.com /public_html/demo/themes/quantum1/images button_ok.png
2013.12.13 14:42 B d:\wamp\www\frontaccounting\themes\quantum1\images\cal.gif --> www.quantum-erp.com /public_html/demo/themes/quantum1/images cal.gif
2013.12.13 14:42 B d:\wamp\www\frontaccounting\themes\quantum1\images\cancel.png --> www.quantum-erp.com /public_html/demo/themes/quantum1/images cancel.png
2013.12.13 14:42 B d:\wamp\www\frontaccounting\themes\quantum1\images\cog.png --> www.quantum-erp.com /public_html/demo/themes/quantum1/images cog.png
2013.12.13 14:42 B d:\wamp\www\frontaccounting\themes\quantum1\images\content_bg1.png --> www.quantum-erp.com /public_html/demo/themes/quantum1/images content_bg1.png
2013.12.13 14:42 B d:\wamp\www\frontaccounting\themes\quantum1\images\controller.png --> www.quantum-erp.com /public_html/demo/themes/quantum1/images controller.png
2013.12.13 14:42 B d:\wamp\www\frontaccounting\themes\quantum1\images\credit.gif --> www.quantum-erp.com /public_html/demo/themes/quantum1/images credit.gif
2013.12.13 14:42 B d:\wamp\www\frontaccounting\themes\quantum1\images\delete.gif --> www.quantum-erp.com /public_html/demo/themes/quantum1/images delete.gif
2013.12.13 14:42 B d:\wamp\www\frontaccounting\themes\quantum1\images\download.gif --> www.quantum-erp.com /public_html/demo/themes/quantum1/images download.gif
2013.12.13 14:42 B d:\wamp\www\frontaccounting\themes\quantum1\images\edit.gif --> www.quantum-erp.com /public_html/demo/themes/quantum1/images edit.gif
2013.12.13 14:42 B d:\wamp\www\frontaccounting\themes\quantum1\images\enter.png --> www.quantum-erp.com /public_html/demo/themes/quantum1/images enter.png
2013.12.13 14:42 B d:\wamp\www\frontaccounting\themes\quantum1\images\escape.png --> www.quantum-erp.com /public_html/demo/themes/quantum1/images escape.png
2013.12.13 14:42 B d:\wamp\www\frontaccounting\themes\quantum1\images\folder.gif --> www.quantum-erp.com /public_html/demo/themes/quantum1/images folder.gif
2013.12.13 14:42 B d:\wamp\www\frontaccounting\themes\quantum1\images\footer_bg1.png --> www.quantum-erp.com /public_html/demo/themes/quantum1/images footer_bg1.png
2013.12.13 14:42 B d:\wamp\www\frontaccounting\themes\quantum1\images\gl.png --> www.quantum-erp.com /public_html/demo/themes/quantum1/images gl.png
2013.12.13 14:42 B d:\wamp\www\frontaccounting\themes\quantum1\images\grid.png --> www.quantum-erp.com /public_html/demo/themes/quantum1/images grid.png
2013.12.13 14:42 B d:\wamp\www\frontaccounting\themes\quantum1\images\help.gif --> www.quantum-erp.com /public_html/demo/themes/quantum1/images help.gif
2013.12.13 14:42 B d:\wamp\www\frontaccounting\themes\quantum1\images\invoice.gif --> www.quantum-erp.com /public_html/demo/themes/quantum1/images invoice.gif
2013.12.13 14:42 B d:\wamp\www\frontaccounting\themes\quantum1\images\link_bg.png --> www.quantum-erp.com /public_html/demo/themes/quantum1/images link_bg.png
2013.12.13 14:42 B d:\wamp\www\frontaccounting\themes\quantum1\images\locate.png --> www.quantum-erp.com /public_html/demo/themes/quantum1/images locate.png
2013.12.13 14:42 B d:\wamp\www\frontaccounting\themes\quantum1\images\login.gif --> www.quantum-erp.com /public_html/demo/themes/quantum1/images login.gif
2013.12.13 14:42 B d:\wamp\www\frontaccounting\themes\quantum1\images\logo.png --> www.quantum-erp.com /public_html/demo/themes/quantum1/images logo.png
2013.12.13 14:42 B d:\wamp\www\frontaccounting\themes\quantum1\images\logo1.png --> www.quantum-erp.com /public_html/demo/themes/quantum1/images logo1.png
2013.12.13 14:42 B d:\wamp\www\frontaccounting\themes\quantum1\images\logo_asli.png --> www.quantum-erp.com /public_html/demo/themes/quantum1/images logo_asli.png
2013.12.13 14:42 B d:\wamp\www\frontaccounting\themes\quantum1\images\logo_fix.png --> www.quantum-erp.com /public_html/demo/themes/quantum1/images logo_fix.png
2013.12.13 14:42 B d:\wamp\www\frontaccounting\themes\quantum1\images\logo_long.png --> www.quantum-erp.com /public_html/demo/themes/quantum1/images logo_long.png
2013.12.13 14:42 B d:\wamp\www\frontaccounting\themes\quantum1\images\menu_break.png --> www.quantum-erp.com /public_html/demo/themes/quantum1/images menu_break.png
2013.12.13 14:42 B d:\wamp\www\frontaccounting\themes\quantum1\images\money.png --> www.quantum-erp.com /public_html/demo/themes/quantum1/images money.png
2013.12.13 14:42 B d:\wamp\www\frontaccounting\themes\quantum1\images\news.gif --> www.quantum-erp.com /public_html/demo/themes/quantum1/images news.gif
2013.12.13 14:42 B d:\wamp\www\frontaccounting\themes\quantum1\images\ok.gif --> www.quantum-erp.com /public_html/demo/themes/quantum1/images ok.gif
2013.12.13 14:42 B d:\wamp\www\frontaccounting\themes\quantum1\images\page_edit.png --> www.quantum-erp.com /public_html/demo/themes/quantum1/images page_edit.png
2013.12.13 14:42 B d:\wamp\www\frontaccounting\themes\quantum1\images\pdf.gif --> www.quantum-erp.com /public_html/demo/themes/quantum1/images pdf.gif
2013.12.13 14:42 B d:\wamp\www\frontaccounting\themes\quantum1\images\plus.png --> www.quantum-erp.com /public_html/demo/themes/quantum1/images plus.png
2013.12.13 14:42 B d:\wamp\www\frontaccounting\themes\quantum1\images\print.png --> www.quantum-erp.com /public_html/demo/themes/quantum1/images print.png
2013.12.13 14:42 B d:\wamp\www\frontaccounting\themes\quantum1\images\progressbar.gif --> www.quantum-erp.com /public_html/demo/themes/quantum1/images progressbar.gif
2013.12.13 14:42 B d:\wamp\www\frontaccounting\themes\quantum1\images\receive.gif --> www.quantum-erp.com /public_html/demo/themes/quantum1/images receive.gif
2013.12.13 14:42 B d:\wamp\www\frontaccounting\themes\quantum1\images\remove.png --> www.quantum-erp.com /public_html/demo/themes/quantum1/images remove.png
2013.12.13 14:42 B d:\wamp\www\frontaccounting\themes\quantum1\images\report.png --> www.quantum-erp.com /public_html/demo/themes/quantum1/images report.png
2013.12.13 14:44 B d:\wamp\www\frontaccounting\themes\quantum1\images\screen.jpg --> www.quantum-erp.com /public_html/demo/themes/quantum1/images screen.jpg
2013.12.13 14:44 B d:\wamp\www\frontaccounting\themes\quantum1\images\sort_asc.gif --> www.quantum-erp.com /public_html/demo/themes/quantum1/images sort_asc.gif
2013.12.13 14:44 B d:\wamp\www\frontaccounting\themes\quantum1\images\sort_asc2.gif --> www.quantum-erp.com /public_html/demo/themes/quantum1/images sort_asc2.gif
2013.12.13 14:44 B d:\wamp\www\frontaccounting\themes\quantum1\images\sort_desc.gif --> www.quantum-erp.com /public_html/demo/themes/quantum1/images sort_desc.gif
2013.12.13 14:44 B d:\wamp\www\frontaccounting\themes\quantum1\images\sort_desc2.gif --> www.quantum-erp.com /public_html/demo/themes/quantum1/images sort_desc2.gif
2013.12.13 14:44 B d:\wamp\www\frontaccounting\themes\quantum1\images\sort_none.gif --> www.quantum-erp.com /public_html/demo/themes/quantum1/images sort_none.gif
2013.12.13 14:44 B d:\wamp\www\frontaccounting\themes\quantum1\images\spacer.png --> www.quantum-erp.com /public_html/demo/themes/quantum1/images spacer.png
2013.12.13 14:44 B d:\wamp\www\frontaccounting\themes\quantum1\images\test.png --> www.quantum-erp.com /public_html/demo/themes/quantum1/images test.png
2013.12.13 14:44 B d:\wamp\www\frontaccounting\themes\quantum1\images\test_stock.png --> www.quantum-erp.com /public_html/demo/themes/quantum1/images test_stock.png
2013.12.13 14:44 B d:\wamp\www\frontaccounting\themes\quantum1\images\time.png --> www.quantum-erp.com /public_html/demo/themes/quantum1/images time.png
2013.12.13 14:44 B d:\wamp\www\frontaccounting\themes\quantum1\images\transparent.gif --> www.quantum-erp.com /public_html/demo/themes/quantum1/images transparent.gif
2013.12.13 14:44 B d:\wamp\www\frontaccounting\themes\quantum1\images\view.gif --> www.quantum-erp.com /public_html/demo/themes/quantum1/images view.gif
2013.12.13 14:44 B d:\wamp\www\frontaccounting\themes\quantum1\images\warning.png --> www.quantum-erp.com /public_html/demo/themes/quantum1/images warning.png
